<?xml version="1.0" encoding="UTF-8"?>
<testsuite name="ItemTest" tests="1" skipped="0" failures="0" errors="0" timestamp="2025-12-22T06:45:49.427Z" hostname="Calvins-MacBook-Air-2.local" time="0.011">
  <properties/>
  <testcase name="testBeer()" classname="ItemTest" time="0.011"/>
  <system-out><![CDATA[Amount Loaded:  4
Live Shells:  3
Blank Shells:  1
Shell 0: true
Shell 1: true
Shell 2: false
Shell 3: true
Shell was live.
Amount Loaded:  3
Live Shells:  3
Blank Shells:  1
Shell 0: true
Shell 1: false
Shell 2: true
Shell was live.
Shell was blank.
Shell was live.
No shell loaded.
No shell loaded.
No shell loaded.
No shell loaded.
No shell loaded.
No shell loaded.
No shell loaded.
No shell loaded.
]]></system-out>
  <system-err><![CDATA[]]></system-err>
</testsuite>
