<?xml version="1.0" encoding="UTF-8"?>
<testsuite name="ItemTest" tests="6" skipped="0" failures="0" errors="0" timestamp="2025-12-22T06:56:08.731Z" hostname="Calvins-MacBook-Air-2.local" time="0.018">
  <properties/>
  <testcase name="testMagnifyingGlass()" classname="ItemTest" time="0.009"/>
  <testcase name="testCig()" classname="ItemTest" time="0.0"/>
  <testcase name="testPhone()" classname="ItemTest" time="0.001"/>
  <testcase name="testBeer()" classname="ItemTest" time="0.002"/>
  <testcase name="testHandSaw()" classname="ItemTest" time="0.001"/>
  <testcase name="testHandcuffs()" classname="ItemTest" time="0.001"/>
  <system-out><![CDATA[Amount Loaded:  9
Live Shells:  5
Blank Shells:  4
Shell 0: true
Shell 1: false
Shell 2: true
Shell 3: false
Shell 4: true
Shell 5: false
Shell 6: true
Shell 7: true
Shell 8: false
Shell is live.
Amount Loaded:  10
Live Shells:  5
Blank Shells:  5
Shell 0: false
Shell 1: false
Shell 2: false
Shell 3: true
Shell 4: true
Shell 5: true
Shell 6: false
Shell 7: false
Shell 8: true
Shell 9: true
6 shell is live.
9 shell is live.
4 shell is live.
7 shell is live.
1 shell is live.
4 shell is live.
3 shell is live.
1 shell is blank.
Amount Loaded:  6
Live Shells:  1
Blank Shells:  5
Shell 0: false
Shell 1: false
Shell 2: false
Shell 3: false
Shell 4: true
Shell 5: false
Shell was blank.
Amount Loaded:  5
Live Shells:  1
Blank Shells:  5
Shell 0: false
Shell 1: false
Shell 2: false
Shell 3: true
Shell 4: false
Shell was blank.
Shell was blank.
Shell was blank.
Shell was live.
Shell was blank.
No shell loaded.
No shell loaded.
No shell loaded.
No shell loaded.
No shell loaded.
No shell loaded.
]]></system-out>
  <system-err><![CDATA[]]></system-err>
</testsuite>
