<?xml version="1.0" encoding="UTF-8"?>
<testsuite name="GameTest" tests="1" skipped="0" failures="0" errors="0" timestamp="2026-01-12T21:26:18.213Z" hostname="Calvins-MacBook-Air-2.local" time="0.01">
  <properties/>
  <testcase name="testNewRound()" classname="GameTest" time="0.01"/>
  <system-out><![CDATA[Round #0
Current turn: Player 0
Player 1: ❤️❤️❤️
----------Items----------
Slot 1: (Empty)
Slot 2: (Empty)
Slot 3: (Empty)
Slot 4: (Empty)
Slot 5: (Empty)
Slot 6: (Empty)
Slot 7: (Empty)
Slot 8: (Empty)
Player 2: ❤️❤️❤️
----------Items----------
Slot 1: (Empty)
Slot 2: (Empty)
Slot 3: (Empty)
Slot 4: (Empty)
Slot 5: (Empty)
Slot 6: (Empty)
Slot 7: (Empty)
Slot 8: (Empty)
Round #1
Current turn: Player 0
Player 1: ❤️❤️❤️
----------Items----------
Slot 1: (Empty)
Slot 2: (Empty)
Slot 3: (Empty)
Slot 4: (Empty)
Slot 5: (Empty)
Slot 6: (Empty)
Slot 7: (Empty)
Slot 8: (Empty)
Player 2: ❤️❤️❤️
----------Items----------
Slot 1: (Empty)
Slot 2: (Empty)
Slot 3: (Empty)
Slot 4: (Empty)
Slot 5: (Empty)
Slot 6: (Empty)
Slot 7: (Empty)
Slot 8: (Empty)
]]></system-out>
  <system-err><![CDATA[]]></system-err>
</testsuite>
